IQ-TREE multicore version 2.0.3 for Linux 64-bit built Apr 26 2020
Developed by Bui Quang Minh, Nguyen Lam Tung, Olga Chernomor,
Heiko Schmidt, Dominik Schrempf, Michael Woodhams.

Host:    LAPTOP-VUQ1L8NL (AVX2, FMA3, 6 GB RAM)
Command: iqtree -ninit 2 -n 2 -me 0.05 -nt 1 -s results/aligned-delim.fasta -m GTR
Seed:    406132 (Using SPRNG - Scalable Parallel Random Number Generator)
Time:    Tue Aug 25 17:01:30 2020
Kernel:  AVX+FMA - 1 threads (8 CPU cores detected)

HINT: Use -nt option to specify number of threads because your CPU has 8 cores!
HINT: -nt AUTO will automatically determine the best number of threads to use.

Reading alignment file results/aligned-delim.fasta ... Fasta format detected
Alignment most likely contains DNA/RNA sequences
Alignment has 236 sequences with 29903 columns, 1378 distinct patterns
143 parsimony-informative, 608 singleton sites, 29152 constant sites
                                           Gap/Ambiguity  Composition  p-value
   1  MN908947                                     0.00%    passed     99.69%
   2  Sichuan_X_X_SC-WCH1-005_X_X_2020             0.00%    passed     99.68%
   3  Iceland_X_X_133_X_X_2020                     0.22%    passed     99.96%
   4  Sweden_X_X_20-08073_X_X_2020                 0.00%    passed     99.74%
   5  USA_X_X_IL-NM019_X_X_2020                    4.56%    passed     99.23%
   6  Iceland_X_X_189_X_X_2020                     0.22%    passed     99.89%
   7  USA_X_X_NY-NYUMC563_X_X_2020                 0.00%    passed     99.85%
   8  Denmark_X_X_ALAB-HH-248_X_X_2020             0.41%    passed     99.96%
   9  USA_X_X_UT-01607_X_X_2020                    0.01%    passed     99.82%
  10  USA_X_X_TX-HMH016_X_X_2020                   0.40%    passed     99.96%
  11  Iceland_X_X_336_X_X_2020                     0.22%    passed     99.94%
  12  USA_X_X_NY-NYUMC657_X_X_2020                 0.35%    passed     99.93%
  13  USA_X_X_NY-NYUMC161_X_X_2020                 0.00%    passed     99.82%
  14  USA_X_X_NY-NYUMC43_X_X_2020                  0.00%    passed     99.82%
  15  USA_X_X_TX-HMH036_X_X_2020                   0.40%    passed     99.96%
  16  USA_X_X_CA-CZB0750_X_X_2020                  0.06%    passed    100.00%
  17  India_X_X_GBRC54_X_X_2020                    0.45%    passed     99.99%
  18  Russia_X_X_Chechenya-83801_X_X_2020          0.00%    passed     99.79%
  19  USA_X_X_WI-GMF-01602_X_X_2020                0.22%    passed     99.95%
  20  USA_X_X_TX-HMH0284_X_X_2020                  0.40%    passed     99.94%
  21  Russia_X_X_StPetersburg-RII3997_X_X_2020     0.00%    passed     99.78%
  22  Scotland_X_X_EDB1404_X_X_2020                0.40%    passed     99.96%
  23  Israel_X_X_CVL-n-6134_X_X_2020               0.00%    passed     99.83%
  24  USA_X_X_NY-NYUMC722_X_X_2020                 0.01%    passed     99.81%
  25  Scotland_X_X_EDB5108_X_X_2020                1.37%    passed     99.82%
  26  USA_X_X_WI-GMF-00921_X_X_2020                0.11%    passed     99.99%
  27  Israel_X_X_CVL-n-6157_X_X_2020               0.00%    passed     99.81%
  28  USA_X_X_WI-GMF-M00007_X_X_2020               0.23%    passed     99.91%
  29  France_X_X_GE1977_X_X_2020                   0.07%    passed    100.00%
  30  Iceland_X_X_319_X_X_2020                     1.51%    passed     99.31%
  31  USA_X_X_CA-SR0178_X_X_2020                   0.30%    passed     99.80%
  32  Denmark_X_X_ALAB-HH-150_X_X_2020             0.40%    passed     99.96%
  33  USA_X_X_TX-HMH0412_X_X_2020                  0.40%    passed     99.96%
  34  Wales_X_X_PHWC-342FE_X_X_2020                1.74%    passed     99.85%
  35  USA_X_X_CA-SR0461_X_X_2020                   0.01%    passed     99.80%
  36  France_X_X_211_80_X_X_2020                   0.05%    passed     99.84%
  37  Italy_X_X_IZSM-32798-45_X_X_2020             0.05%    passed     99.87%
  38  USA_X_X_NY-NYUMC836_X_X_2020                 0.43%    passed     99.93%
  39  USA_X_X_CA-ALSR-0515-SAN_X_X_2020            0.05%    passed     99.87%
  40  USA_X_X_UT-02518_X_X_2020                    1.02%    passed     99.90%
  41  USA_X_X_UT-034_X_X_2020                      0.38%    passed     99.79%
  42  USA_X_X_VA-DCLS-0441_X_X_2020                0.06%    passed     99.78%
  43  England_X_X_CAMB-8475A_X_X_2020              1.39%    passed     99.95%
  44  England_X_X_CAMB-721F7_X_X_2020              1.39%    passed     99.91%
  45  Switzerland_X_X_1000482983_X_X_2020          0.21%    passed     99.97%
  46  England_X_X_CAMB-7A64B_X_X_2020              1.39%    passed     99.94%
  47  Sweden_X_X_20-50106_X_X_2020                 0.00%    passed     99.69%
  48  Sweden_X_X_20-08098_X_X_2020                 0.00%    passed     99.69%
  49  Iceland_X_X_62_X_X_2020                      0.14%    passed     99.98%
  50  Sweden_X_X_20-50141_X_X_2020                 0.00%    passed     99.64%
  51  Belgium_X_X_UGent-96_X_X_2020                0.40%    passed     99.98%
  52  Sweden_X_X_20-50234_X_X_2020                 0.00%    passed     99.67%
  53  USA_X_X_CA-CZB-1217_X_X_2020                 0.03%    passed     99.82%
  54  England_X_X_PORT-2D0EA3_X_X_2020             0.41%    passed     99.99%
  55  Iceland_X_X_243_X_X_2020                     0.13%    passed     99.98%
  56  USA_X_X_NY-NYUMC150_X_X_2020                 0.00%    passed     99.68%
  57  England_X_X_CAMB-7CDF9_X_X_2020              1.32%    passed     99.96%
  58  Scotland_X_X_EDB1106_X_X_2020                0.40%    passed     99.99%
  59  Wales_X_X_PHWC-2A61D_X_X_2020                0.11%    passed     99.91%
  60  England_X_X_BRIS-123859_X_X_2020             1.55%    passed     99.99%
  61  England_X_X_CAMB-764DC_X_X_2020              1.40%    passed     99.97%
  62  Bangladesh_X_X_BCSIR-NILMRC-295_X_X_2020     0.00%    passed     99.71%
  63  England_X_X_OXON-AF452_X_X_2020              0.10%    passed     99.99%
  64  Bangladesh_X_X_BCSIR-NILMRC_291_X_X_2020     0.00%    passed     99.77%
  65  Bangladesh_X_X_BCSIR-NILMRC-287_X_X_2020     0.00%    passed     99.68%
  66  Australia_X_X_VIC2165_X_X_2020               0.34%    passed     99.96%
  67  Australia_X_X_SAP443_X_X_2020                0.13%    passed     99.84%
  68  Bangladesh_X_X_BCSIR-NILMRC_238_X_X_2020     0.00%    passed     99.72%
  69  Turkey_X_X_HSGM-8990_X_X_2020                0.89%    passed     98.25%
  70  Taiwan_X_X_CGMH-CGU-12_X_X_2020              0.01%    passed     99.69%
  71  Bangladesh_X_X_BCSIR-NILMRC_296_X_X_2020     0.00%    passed     99.65%
  72  Wales_X_X_PHWC-2EA1D_X_X_2020                1.85%    passed     99.75%
  73  Australia_X_X_VIC153_X_X_2020                0.09%    passed     99.74%
  74  Wales_X_X_PHWC-15C462_X_X_2020               3.56%    passed     99.02%
  75  Wales_X_X_PHWC-2C2EA_X_X_2020                1.14%    passed     99.83%
  76  Wales_X_X_PHWC-30CD6_X_X_2020                1.27%    passed     99.83%
  77  Bangladesh_X_X_BCSIR-NILMRC_236_X_X_2020     0.00%    passed     99.77%
  78  USA_X_X_CA-ALSR-1669_X_X_2020                0.03%    passed     99.74%
  79  Wales_X_X_PHWC-26620_X_X_2020                0.72%    passed     99.83%
  80  England_X_X_CAMB-73FDE_X_X_2020              1.64%    passed     99.97%
  81  Netherlands_X_X_NA_163_X_X_2020              0.43%    passed     99.98%
  82  Netherlands_X_X_Limburg_51_X_X_2020          0.43%    passed     99.99%
  83  Netherlands_X_X_Friesland_4_X_X_2020         0.43%    passed     99.94%
  84  Scotland_X_X_CVR140_X_X_2020                 0.40%    passed     99.96%
  85  Scotland_X_X_CVR106_X_X_2020                 0.40%    passed     99.95%
  86  Scotland_X_X_CVR34_X_X_2020                  0.40%    passed     99.97%
  87  Denmark_X_X_ALAB-HH66_X_X_2020               0.41%    passed     99.98%
  88  Belgium_X_X_ULG-10001_X_X_2020               0.40%    passed     99.97%
  89  Denmark_X_X_ALAB-SSI-1248_X_X_2020           0.40%    passed     99.96%
  90  USA_X_X_NE-875_X_X_2020                      1.51%    passed     99.95%
  91  USA_X_X_WI-UW-20_X_X_2020                    0.40%    passed     99.97%
  92  USA_X_X_LA-GBCL-26684456_X_X_2020            2.65%    passed     99.50%
  93  England_X_X_CAMB-1ABCA8_X_X_2020             0.40%    passed     99.95%
  94  England_X_X_BRIS-18531D3_X_X_2020            0.40%    passed     99.99%
  95  England_X_X_WSFT-25C110D_X_X_2020            0.41%    passed     99.99%
  96  Scotland_X_X_EDB2711_X_X_2020                0.40%    passed     99.98%
  97  England_X_X_SHEF-C079E_X_X_2020              0.40%    passed     99.99%
  98  Austria_X_X_CeMM0305_X_X_2020                0.40%    passed     99.98%
  99  Ireland_X_X_71IRL06434_X_X_2020              0.40%    passed     99.99%
 100  England_X_X_NORT-28910A_X_X_2020             1.39%    passed     99.95%
 101  USA_X_X_WI-UW-336_X_X_2020                   0.40%    passed     99.99%
 102  Norway_X_X_2856_X_X_2020                     0.40%    passed     99.99%
 103  Spain_X_X_Madrid-H12-1804_X_X_2020           0.40%    passed     99.97%
 104  Denmark_X_X_ALAB-SSI262_X_X_2020             0.40%    passed     99.95%
 105  Scotland_X_X_EDB2724_X_X_2020                0.40%    passed     99.96%
 106  England_X_X_BRIS-1254DB_X_X_2020             2.20%    passed     98.15%
 107  England_X_X_CAMB-7C403_X_X_2020              1.39%    passed     99.98%
 108  USA_X_X_WI-UW-791_X_X_2020                   0.41%    passed     99.98%
 109  USA_X_X_WI-UW-779_X_X_2020                   0.40%    passed     99.95%
 110  USA_X_X_FL-BPHL-0247_X_X_2020                0.32%    passed     99.94%
 111  England_X_X_CAMB-1AD4AE_X_X_2020             0.81%    passed     99.98%
 112  Wuhan_X_X_IPBCAMS-WH-01_X_X_2019             0.01%    passed     99.82%
 113  Xinyu_X_X_JX124_X_X_2020                     0.12%    passed     99.90%
 114  Pingxiang_X_X_JX151_X_X_2020                 0.12%    passed     99.95%
 115  Zhejiang_X_X_CN3_X_X_2020                    0.23%    passed     99.99%
 116  Taiwan_X_X_CGMH-CGU-03_X_X_2020              0.01%    passed     99.68%
 117  France_X_X_IDF0372_X_X_2020                  0.17%    passed     99.90%
 118  Guangdong_X_X_20SF028_X_X_2020               0.19%    passed     99.92%
 119  USA_X_X_WA-S107_X_X_2020                     0.14%    passed     99.93%
 120  Wales_X_X_PHWC-24947_X_X_2020                2.44%    passed     99.78%
 121  Brazil_X_X_SP-14_X_X_2020                    0.18%    passed     99.97%
 122  India_X_X_S2_X_X_2020                        0.16%    passed     99.97%
 123  Spain_X_X_Valencia293_X_X_2020               0.33%    passed     99.97%
 124  Australia_X_X_QLDID926_X_X_2020              0.13%    passed     99.96%
 125  USA_X_X_WA-S1301_X_X_2020                    0.12%    passed     99.95%
 126  Netherlands_X_X_Utrecht_10028_X_X_2020       0.04%    passed     99.90%
 127  Italy_X_X_PV-5314-N_X_X_2020                 0.22%    passed     99.96%
 128  Greece_X_X_153_33892_X_X_2020                0.28%    passed     99.96%
 129  USA_X_X_WA-S815_X_X_2020                     0.12%    passed     99.98%
 130  France_X_X_IDF3029_X_X_2020                  0.20%    passed     99.96%
 131  USA_X_X_FL-BPHL-0540_X_X_2020                0.15%    passed     99.94%
 132  USA_X_X_MN-UW-MAYO71_X_X_2020                0.21%    passed     99.94%
 133  USA_X_X_NY-WCMP10D06P_X_X_2020               0.12%    passed     99.96%
 134  USA_X_X_NY-WCMP11F04P_X_X_2020               0.11%    passed     99.97%
 135  USA_X_X_PA-MGEL89_X_X_2020                   0.21%    passed     99.97%
 136  USA_X_X_MI-MDHHS-SC21120_X_X_2020            0.45%    passed     99.98%
 137  USA_X_X_IA-CDC-8200_X_X_2020                 0.07%    passed    100.00%
 138  USA_X_X_IN_72003_X_X_2020                    0.14%    passed     99.98%
 139  Spain_X_X_Valencia264_X_X_2020               1.65%    passed     99.86%
 140  France_X_X_ARA18366_X_X_2020                 0.26%    passed     99.96%
 141  USA_X_X_WA-S388_X_X_2020                     0.13%    passed     99.99%
 142  USA_X_X_WA-UW155_X_X_2020                    0.37%    passed     99.95%
 143  USA_X_X_MA-MGH-00203_X_X_2020                0.09%    passed    100.00%
 144  USA_X_X_MA-MGH-00516_X_X_2020                0.18%    passed     99.99%
 145  Canada_X_X_ON_PHL1095_X_X_2020               0.33%    passed     99.95%
 146  Peru_X_X_01-2_X_X_2020                       1.37%    passed     99.90%
 147  Netherlands_X_X_Utrecht_10037_X_X_2020       0.16%    passed     99.98%
 148  Australia_X_X_SAP446_X_X_2020                0.27%    passed     99.86%
 149  Luxembourg_X_X_LNS6533667_X_X_2020           0.34%    passed     99.88%
 150  Portugal_X_X_PT1256_X_X_2020                 0.47%    passed     99.87%
 151  Portugal_X_X_PT0744_X_X_2020                 1.37%    passed     99.80%
 152  Portugal_X_X_PT0306_X_X_2020                 0.47%    passed     99.89%
 153  Portugal_X_X_PT0035_X_X_2020                 0.47%    passed     99.88%
 154  England_X_X_LIVE-A6215_X_X_2020              0.12%    passed     99.81%
 155  Australia_X_X_VIC218_X_X_2020                0.19%    passed     99.89%
 156  England_X_X_201160628_X_X_2020               0.18%    passed     99.96%
 157  England_X_X_20109051806_X_X_2020             0.37%    passed     99.96%
 158  Scotland_X_X_EDB086_X_X_2020                 0.40%    passed     99.97%
 159  Iceland_X_X_13_X_X_2020                      1.77%    passed     98.66%
 160  USA_X_X_MN-MDH-1204_X_X_2020                 0.34%    passed     99.93%
 161  USA_X_X_WA-UW117_X_X_2020                    0.19%    passed    100.00%
 162  USA_X_X_OR-OHSU-1133_X_X_2020                0.58%    passed     99.96%
 163  Canada_X_X_NL_82_X_X_2020                    0.57%    passed     99.94%
 164  USA_X_X_WA-UW-2608_X_X_2020                  0.23%    passed     99.86%
 165  USA_X_X_FL-BPHL-0460_X_X_2020               11.40%    passed      5.06%
 166  USA_X_X_WA-S90_X_X_2020                      0.15%    passed     99.95%
 167  Australia_X_X_QLDID922_X_X_2020              0.24%    passed     99.90%
 168  USA_X_X_OR-OHSU-1157_X_X_2020                0.59%    passed     99.96%
 169  USA_X_X_OR-OHSU-1323_X_X_2020                0.47%    passed     99.75%
 170  USA_X_X_OR-OHSU-1169_X_X_2020                0.59%    passed     99.91%
 171  Wuhan_X_X_HB-WHCM-101_X_X_2020               0.00%    passed     99.68%
 172  Sichuan_X_X_SC-WCH3-254_X_X_2020             0.00%    passed     99.65%
 173  Sichuan_X_X_SC-YB-086_X_X_2020               0.02%    passed     99.78%
 174  Scotland_X_X_EDB1198_X_X_2020                0.87%    passed     99.74%
 175  France_X_X_HF3598_X_X_2020                   0.24%    passed     99.97%
 176  England_X_X_CAMB-75895_X_X_2020              1.57%    passed     99.99%
 177  England_X_X_CAMB-734B1_X_X_2020              1.39%    passed     99.90%
 178  Australia_X_X_NSW2520_X_X_2020               0.40%    passed     99.98%
 179  France_X_X_B5325_X_X_2020                    0.09%    passed     99.99%
 180  USA_X_X_FL-BPHL-0155_X_X_2020                0.20%    passed     99.95%
 181  France_X_X_Bourg-en-Bresse_06678_X_X_2020    0.49%    passed     99.95%
 182  France_X_X_Valence_425_X_X_2020              0.35%    passed     99.99%
 183  Canada_X_X_ON_PHL3318_X_X_2020               0.08%    passed     99.99%
 184  Singapore_X_X_776_X_X_2020                   0.40%    passed     99.98%
 185  Singapore_X_X_768_X_X_2020                   0.40%    passed     99.94%
 186  India_X_X_CCMB_J021_X_X_2020                 0.17%    passed     99.97%
 187  Finland_X_X_13M64_X_X_2020                   0.94%    passed     99.11%
 188  Romania_X_X_ROSV_2899_X_X_2020               0.32%    passed     99.97%
 189  USA_X_X_FL-BPHL-0739_X_X_2020                0.20%    passed     99.94%
 190  Spain_X_X_Valencia292_X_X_2020               0.61%    passed     99.90%
 191  USA_X_X_FL-BPHL-0722_X_X_2020                0.19%    passed     99.94%
 192  Thailand_X_X_SI203285-NT_X_X_2020            0.28%    passed     99.93%
 193  USA_X_X_WA-UW-1919_X_X_2020                  0.17%    passed    100.00%
 194  Switzerland_X_X_1000477102_X_X_2020          0.09%    passed     99.99%
 195  Spain_X_X_PaisVasco201602_X_X_2020           0.39%    passed     99.94%
 196  Australia_X_X_VIC509_X_X_2020                0.28%    passed     99.84%
 197  England_X_X_CAMB-84E37_X_X_2020              1.39%    passed     99.93%
 198  India_X_X_CCMB_L1459_X_X_2020                0.23%    passed     99.92%
 199  England_X_X_LIVE-A4CDD_X_X_2020              0.11%    passed     99.69%
 200  England_X_X_LIVE-A6127_X_X_2020              1.54%    passed     99.93%
 201  England_X_X_LIVE-A6154_X_X_2020              2.90%    passed     99.42%
 202  Wales_X_X_PHWC-26BC7_X_X_2020                0.64%    passed     99.87%
 203  Switzerland_X_X_200050_611_H04_X_X_2020      0.22%    passed     99.94%
 204  Switzerland_X_X_210037_640_F02_X_X_2020      0.24%    passed     99.96%
 205  Switzerland_X_X_200020_594_B05_X_X_2020      0.24%    passed     99.99%
 206  Switzerland_X_X_190026_546_F10_X_X_2020      0.23%    passed     99.97%
 207  USA_X_X_OR-UW-13394_X_X_2020                 0.02%    passed     99.58%
 208  USA_X_X_MN-MDH-1381_X_X_2020                 0.26%    passed     99.80%
 209  Norway_X_X_1526_X_X_2020                     0.23%    passed     99.77%
 210  USA_X_X_WY-WYPHL-00055_X_X_2020              2.46%    passed     97.00%
 211  England_X_X_20102000604_X_X_2020             1.23%    passed     99.67%
 212  Luxembourg_X_X_LNS3879580_X_X_2020           0.22%    passed    100.00%
 213  Wales_X_X_PHWC-32DD1_X_X_2020                1.52%    passed     99.78%
 214  Sweden_X_X_20-08681_X_X_2020                 0.03%    passed     99.80%
 215  India_X_X_CCMB_L1026_X_X_2020                0.26%    passed     99.84%
 216  Wales_X_X_PHWC-363AE_X_X_2020                0.78%    passed     99.98%
 217  Turkey_X_X_KU-008_X_X_2020                   0.51%    passed     99.96%
 218  Netherlands_X_X_ZuidHolland_7_X_X_2020       0.41%    passed     99.95%
 219  USA_X_X_WI-UW-885_X_X_2020                   0.46%    passed    100.00%
 220  Australia_X_X_NSW658_X_X_2020                1.66%    passed     98.93%
 221  USA_X_X_OR-OHSU-1481_X_X_2020                0.47%    passed     99.87%
 222  Wales_X_X_PHWC-30F64_X_X_2020                3.41%    passed     99.52%
 223  Wales_X_X_PHWC-309DF_X_X_2020                2.95%    passed     98.12%
 224  Wales_X_X_PHWC-2C2DB_X_X_2020                2.23%    passed     99.33%
 225  Wales_X_X_PHWC-31D78_X_X_2020                2.72%    passed     99.08%
 226  Switzerland_X_X_190019_543_A12_X_X_2020      0.65%    passed     99.73%
 227  Wales_X_X_PHWC-26505_X_X_2020                3.82%    passed     99.21%
 228  USA_X_X_WA-UW-13330_X_X_2020                 0.11%    passed     98.57%
 229  England_X_X_NORW-E6F7C_X_X_2020              1.01%    passed     99.48%
 230  Wales_X_X_PHWC-16296A_X_X_2020               3.05%    passed     99.12%
 231  England_X_X_202822171_X_X_2020               0.57%    passed     99.82%
 232  USA_X_X_CA-CZB-1494_X_X_2020                 1.36%    passed     99.75%
 233  England_X_X_LIVE-9B019_X_X_2020              3.87%    passed     99.83%
 234  USA_X_X_UT-CDC-1251_X_X_2020                 1.08%    passed     99.38%
 235  Denmark_X_X_SSI-102_X_X_2020                 0.53%    passed     99.41%
 236  England_X_X_LOND-D9880_X_X_2020              1.90%    passed     98.93%
****  TOTAL                                        0.63%  0 sequences failed composition chi2 test (p-value<5%; df=3)

Create initial parsimony tree by phylogenetic likelihood library (PLL)... 0.029 seconds

NOTE: 10 MB RAM (0 GB) is required!
Estimate model parameters (epsilon = 0.500)
1. Initial log-likelihood: -49708.624
2. Current log-likelihood: -49325.027
Optimal log-likelihood: -49325.025
Rate parameters:  A-C: 0.20165  A-G: 0.73131  A-T: 0.16226  C-G: 0.15319  C-T: 2.30003  G-T: 1.00000
Base frequencies:  A: 0.299  C: 0.184  G: 0.196  T: 0.321
Parameters optimization took 2 rounds (0.540 sec)
Computing ML distances based on estimated model parameters... 0.597 sec
Computing BIONJ tree...
0.042 seconds
Log-likelihood of BIONJ tree: -49314.420
--------------------------------------------------------------------
|             INITIALIZING CANDIDATE TREE SET                      |
--------------------------------------------------------------------

Do NNI search on 2 best initial trees
Estimate model parameters (epsilon = 0.500)
BETTER TREE FOUND at iteration 1: -49305.474
Finish initializing candidate tree set (4)
Current best tree score: -49305.474 / CPU time: 1.713
Number of iterations: 2
TREE SEARCH COMPLETED AFTER 2 ITERATIONS / Time: 0h:0m:3s

--------------------------------------------------------------------
|                    FINALIZING TREE SEARCH                        |
--------------------------------------------------------------------
Performs final model parameters optimization
Estimate model parameters (epsilon = 0.050)
1. Initial log-likelihood: -49305.474
Optimal log-likelihood: -49305.472
Rate parameters:  A-C: 0.19586  A-G: 0.73268  A-T: 0.16147  C-G: 0.14459  C-T: 2.30323  G-T: 1.00000
Base frequencies:  A: 0.299  C: 0.184  G: 0.196  T: 0.321
Parameters optimization took 1 rounds (0.118 sec)
BEST SCORE FOUND : -49305.472
Total tree length: 0.028

Total number of iterations: 2
CPU time used for tree search: 1.705 sec (0h:0m:1s)
Wall-clock time used for tree search: 1.715 sec (0h:0m:1s)
Total CPU time used: 3.156 sec (0h:0m:3s)
Total wall-clock time used: 3.177 sec (0h:0m:3s)

Analysis results written to: 
  IQ-TREE report:                results/aligned-delim.fasta.iqtree
  Maximum-likelihood tree:       results/aligned-delim.fasta.treefile
  Likelihood distances:          results/aligned-delim.fasta.mldist
  Screen log file:               results/aligned-delim.fasta.log

Date and Time: Tue Aug 25 17:01:34 2020
